# JRE version: OpenJDK Runtime Environment (11.0.13) (build 11.0.13+0-b1751.21-8125866)
# Java VM: OpenJDK 64-Bit Server VM (11.0.13+0-b1751.21-8125866, mixed mode, tiered, compressed oops, g1 gc, windows-amd64)
Heap:
 garbage-first heap   total 129024K, used 106295K [0x0000000080000000, 0x0000000100000000)
  region size 1024K, 7 young (7168K), 2 survivors (2048K)
 Metaspace       used 101066K, capacity 104389K, committed 104660K, reserved 608256K
  class space    used 13251K, capacity 14521K, committed 14540K, reserved 516096K
GC Heap History (20 events):
Event: 165.204 GC heap before
{Heap before GC invocations=39 (full 0):
 garbage-first heap   total 129024K, used 109191K [0x0000000080000000, 0x0000000100000000)
  region size 1024K, 21 young (21504K), 3 survivors (3072K)
 Metaspace       used 93557K, capacity 96492K, committed 96724K, reserved 600064K
  class space    used 12319K, capacity 13441K, committed 13516K, reserved 516096K
}
Event: 165.213 GC heap after
{Heap after GC invocations=40 (full 0):
 garbage-first heap   total 129024K, used 93646K [0x0000000080000000, 0x0000000100000000)
  region size 1024K, 3 young (3072K), 3 survivors (3072K)
 Metaspace       used 93557K, capacity 96492K, committed 96724K, reserved 600064K
  class space    used 12319K, capacity 13441K, committed 13516K, reserved 516096K
}
Event: 165.532 GC heap before
{Heap before GC invocations=40 (full 0):
 garbage-first heap   total 129024K, used 109006K [0x0000000080000000, 0x0000000100000000)
  region size 1024K, 18 young (18432K), 3 survivors (3072K)
 Metaspace       used 94177K, capacity 97298K, committed 97492K, reserved 600064K
  class space    used 12428K, capacity 13651K, committed 13772K, reserved 516096K
}
Event: 165.544 GC heap after
{Heap after GC invocations=41 (full 0):
 garbage-first heap   total 129024K, used 95493K [0x0000000080000000, 0x0000000100000000)
  region size 1024K, 2 young (2048K), 2 survivors (2048K)
 Metaspace       used 94177K, capacity 97298K, committed 97492K, reserved 600064K
  class space    used 12428K, capacity 13651K, committed 13772K, reserved 516096K
}
Event: 166.268 GC heap before
{Heap before GC invocations=42 (full 0):
 garbage-first heap   total 129024K, used 109829K [0x0000000080000000, 0x0000000100000000)
  region size 1024K, 16 young (16384K), 2 survivors (2048K)
 Metaspace       used 95027K, capacity 98160K, committed 98260K, reserved 602112K
  class space    used 12525K, capacity 13742K, committed 13772K, reserved 516096K
}
Event: 166.278 GC heap after
{Heap after GC invocations=43 (full 0):
 garbage-first heap   total 129024K, used 97669K [0x0000000080000000, 0x0000000100000000)
  region size 1024K, 2 young (2048K), 2 survivors (2048K)
 Metaspace       used 95027K, capacity 98160K, committed 98260K, reserved 602112K
  class space    used 12525K, capacity 13742K, committed 13772K, reserved 516096K
}
Event: 166.668 GC heap before
{Heap before GC invocations=43 (full 0):
 garbage-first heap   total 129024K, used 109957K [0x0000000080000000, 0x0000000100000000)
  region size 1024K, 14 young (14336K), 2 survivors (2048K)
 Metaspace       used 96598K, capacity 99633K, committed 99796K, reserved 602112K
  class space    used 12721K, capacity 13908K, committed 14028K, reserved 516096K
}
Event: 166.680 GC heap after
{Heap after GC invocations=44 (full 0):
 garbage-first heap   total 129024K, used 99586K [0x0000000080000000, 0x0000000100000000)
  region size 1024K, 2 young (2048K), 2 survivors (2048K)
 Metaspace       used 96598K, capacity 99633K, committed 99796K, reserved 602112K
  class space    used 12721K, capacity 13908K, committed 14028K, reserved 516096K
}
Event: 167.218 GC heap before
{Heap before GC invocations=45 (full 0):
 garbage-first heap   total 129024K, used 108802K [0x0000000080000000, 0x0000000100000000)
  region size 1024K, 12 young (12288K), 2 survivors (2048K)
 Metaspace       used 97564K, capacity 100657K, committed 100948K, reserved 604160K
  class space    used 12859K, capacity 14100K, committed 14156K, reserved 516096K
}
Event: 167.229 GC heap after
{Heap after GC invocations=46 (full 0):
 garbage-first heap   total 129024K, used 100061K [0x0000000080000000, 0x0000000100000000)
  region size 1024K, 1 young (1024K), 1 survivors (1024K)
 Metaspace       used 97564K, capacity 100657K, committed 100948K, reserved 604160K
  class space    used 12859K, capacity 14100K, committed 14156K, reserved 516096K
}
Event: 168.819 GC heap before
{Heap before GC invocations=46 (full 0):
 garbage-first heap   total 129024K, used 104157K [0x0000000080000000, 0x0000000100000000)
  region size 1024K, 6 young (6144K), 1 survivors (1024K)
 Metaspace       used 99680K, capacity 102817K, committed 102996K, reserved 606208K
  class space    used 13131K, capacity 14372K, committed 14412K, reserved 516096K
}
Event: 168.826 GC heap after
{Heap after GC invocations=47 (full 0):
 garbage-first heap   total 129024K, used 99840K [0x0000000080000000, 0x0000000100000000)
  region size 1024K, 1 young (1024K), 1 survivors (1024K)
 Metaspace       used 99680K, capacity 102817K, committed 102996K, reserved 606208K
  class space    used 13131K, capacity 14372K, committed 14412K, reserved 516096K
}
Event: 186.749 GC heap before
{Heap before GC invocations=47 (full 0):
 garbage-first heap   total 129024K, used 109056K [0x0000000080000000, 0x0000000100000000)
  region size 1024K, 11 young (11264K), 1 survivors (1024K)
 Metaspace       used 99857K, capacity 103015K, committed 103252K, reserved 606208K
  class space    used 13131K, capacity 14373K, committed 14412K, reserved 516096K
}
Event: 186.758 GC heap after
{Heap after GC invocations=48 (full 0):
 garbage-first heap   total 129024K, used 99891K [0x0000000080000000, 0x0000000100000000)
  region size 1024K, 1 young (1024K), 1 survivors (1024K)
 Metaspace       used 99857K, capacity 103015K, committed 103252K, reserved 606208K
  class space    used 13131K, capacity 14373K, committed 14412K, reserved 516096K
}
Event: 383.579 GC heap before
{Heap before GC invocations=49 (full 0):
 garbage-first heap   total 129024K, used 110131K [0x0000000080000000, 0x0000000100000000)
  region size 1024K, 11 young (11264K), 1 survivors (1024K)
 Metaspace       used 100045K, capacity 103239K, committed 103508K, reserved 606208K
  class space    used 13146K, capacity 14381K, committed 14412K, reserved 516096K
}
Event: 383.594 GC heap after
{Heap after GC invocations=50 (full 0):
 garbage-first heap   total 129024K, used 99878K [0x0000000080000000, 0x0000000100000000)
  region size 1024K, 1 young (1024K), 1 survivors (1024K)
 Metaspace       used 100045K, capacity 103239K, committed 103508K, reserved 606208K
  class space    used 13146K, capacity 14381K, committed 14412K, reserved 516096K
}
Event: 440.000 GC heap before
{Heap before GC invocations=50 (full 0):
 garbage-first heap   total 129024K, used 109094K [0x0000000080000000, 0x0000000100000000)
  region size 1024K, 11 young (11264K), 1 survivors (1024K)
 Metaspace       used 100946K, capacity 104233K, committed 104404K, reserved 606208K
  class space    used 13249K, capacity 14517K, committed 14540K, reserved 516096K
}
Event: 440.023 GC heap after
{Heap after GC invocations=51 (full 0):
 garbage-first heap   total 129024K, used 100868K [0x0000000080000000, 0x0000000100000000)
  region size 1024K, 2 young (2048K), 2 survivors (2048K)
 Metaspace       used 100946K, capacity 104233K, committed 104404K, reserved 606208K
  class space    used 13249K, capacity 14517K, committed 14540K, reserved 516096K
}
Event: 440.241 GC heap before
{Heap before GC invocations=51 (full 0):
 garbage-first heap   total 129024K, used 111108K [0x0000000080000000, 0x0000000100000000)
  region size 1024K, 12 young (12288K), 2 survivors (2048K)
 Metaspace       used 100974K, capacity 104309K, committed 104404K, reserved 606208K
  class space    used 13250K, capacity 14520K, committed 14540K, reserved 516096K
}
Event: 440.256 GC heap after
{Heap after GC invocations=52 (full 0):
 garbage-first heap   total 129024K, used 102199K [0x0000000080000000, 0x0000000100000000)
  region size 1024K, 2 young (2048K), 2 survivors (2048K)
 Metaspace       used 100974K, capacity 104309K, committed 104404K, reserved 606208K
  class space    used 13250K, capacity 14520K, committed 14540K, reserved 516096K
}

